Arguments: 
  /Users/damicode/.nvm/versions/node/v16.1.0/bin/node /Users/damicode/.yarn/bin/yarn.js add -D @babel/core @babel/preset-env @babe/preset-react @babel/preset-typescript

PATH: 
  /Users/damicode/.bun/bin:/Users/damicode/.yarn/bin:/Users/damicode/.config/yarn/global/node_modules/.bin:/opt/homebrew/opt/openssl@1.1/bin:/Users/damicode/.pyenv/bin:/opt/homebrew/opt/bzip2/bin:/Users/damicode/.nvm/versions/node/v16.1.0/bin:/Library/Frameworks/Python.framework/Versions/3.7/bin:/opt/homebrew/bin:/opt/homebrew/sbin:/Library/Frameworks/Python.framework/Versions/2.7/bin:/opt/homebrew/bin:/opt/homebrew/sbin:/usr/local/bin:/System/Cryptexes/App/usr/bin:/usr/bin:/bin:/usr/sbin:/sbin:/Library/Apple/usr/bin:/Users/damicode/Library/Android/sdk/tools:/Users/damicode/Library/Android/sdk/tools/bin:/Users/damicode/Library/Android/sdk/platform-tools:/Users/damicode/.bun/bin:/Users/damicode/.yarn/bin:/Users/damicode/.config/yarn/global/node_modules/.bin:/opt/homebrew/opt/openssl@1.1/bin:/Users/damicode/.pyenv/bin:/opt/homebrew/opt/bzip2/bin:/Users/damicode/.nvm/versions/node/v16.1.0/bin:/Library/Frameworks/Python.framework/Versions/3.7/bin:/opt/homebrew/bin:/opt/homebrew/sbin:/Library/Frameworks/Python.framework/Versions/2.7/bin

Yarn version: 
  1.22.19

Node version: 
  16.1.0

Platform: 
  darwin arm64

Trace: 
  Error: https://registry.yarnpkg.com/@babe%2fpreset-react: Not found
      at Request.params.callback [as _callback] (/Users/damicode/.yarn/lib/cli.js:66145:18)
      at Request.self.callback (/Users/damicode/.yarn/lib/cli.js:140890:22)
      at Request.emit (node:events:365:28)
      at Request.<anonymous> (/Users/damicode/.yarn/lib/cli.js:141862:10)
      at Request.emit (node:events:365:28)
      at IncomingMessage.<anonymous> (/Users/damicode/.yarn/lib/cli.js:141784:12)
      at Object.onceWrapper (node:events:471:28)
      at IncomingMessage.emit (node:events:377:35)
      at endReadableNT (node:internal/streams/readable:1312:12)
      at processTicksAndRejections (node:internal/process/task_queues:83:21)

npm manifest: 
  {
    "name": "webpack-template",
    "version": "1.0.0",
    "description": "",
    "main": "index.js",
    "scripts": {
      "test": "echo \"Error: no test specified\" && exit 1"
    },
    "keywords": [],
    "author": "",
    "license": "ISC",
    "dependencies": {
      "react": "^18.2.0",
      "react-dom": "^18.2.0"
    },
    "devDependencies": {
      "@types/react": "^18.0.28",
      "@types/react-dom": "^18.0.11",
      "typescript": "^4.9.5"
    }
  }

yarn manifest: 
  No manifest

Lockfile: 
  # THIS IS AN AUTOGENERATED FILE. DO NOT EDIT THIS FILE DIRECTLY.
  # yarn lockfile v1
  
  
  "@types/prop-types@*":
    version "15.7.5"
    resolved "https://registry.yarnpkg.com/@types/prop-types/-/prop-types-15.7.5.tgz#5f19d2b85a98e9558036f6a3cacc8819420f05cf"
    integrity sha512-JCB8C6SnDoQf0cNycqd/35A7MjcnK+ZTqE7judS6o7utxUCg6imJg3QK2qzHKszlTjcj2cn+NwMB2i96ubpj7w==
  
  "@types/react-dom@^18.0.11":
    version "18.0.11"
    resolved "https://registry.yarnpkg.com/@types/react-dom/-/react-dom-18.0.11.tgz#321351c1459bc9ca3d216aefc8a167beec334e33"
    integrity sha512-O38bPbI2CWtgw/OoQoY+BRelw7uysmXbWvw3nLWO21H1HSh+GOlqPuXshJfjmpNlKiiSDG9cc1JZAaMmVdcTlw==
    dependencies:
      "@types/react" "*"
  
  "@types/react@*", "@types/react@^18.0.28":
    version "18.0.28"
    resolved "https://registry.yarnpkg.com/@types/react/-/react-18.0.28.tgz#accaeb8b86f4908057ad629a26635fe641480065"
    integrity sha512-RD0ivG1kEztNBdoAK7lekI9M+azSnitIn85h4iOiaLjaTrMjzslhaqCGaI4IyCJ1RljWiLCEu4jyrLLgqxBTew==
    dependencies:
      "@types/prop-types" "*"
      "@types/scheduler" "*"
      csstype "^3.0.2"
  
  "@types/scheduler@*":
    version "0.16.2"
    resolved "https://registry.yarnpkg.com/@types/scheduler/-/scheduler-0.16.2.tgz#1a62f89525723dde24ba1b01b092bf5df8ad4d39"
    integrity sha512-hppQEBDmlwhFAXKJX2KnWLYu5yMfi91yazPb2l+lbJiwW+wdo1gNeRA+3RgNSO39WYX2euey41KEwnqesU2Jew==
  
  csstype@^3.0.2:
    version "3.1.1"
    resolved "https://registry.yarnpkg.com/csstype/-/csstype-3.1.1.tgz#841b532c45c758ee546a11d5bd7b7b473c8c30b9"
    integrity sha512-DJR/VvkAvSZW9bTouZue2sSxDwdTN92uHjqeKVm+0dAqdfNykRzQ95tay8aXMBAAPpUiq4Qcug2L7neoRh2Egw==
  
  "js-tokens@^3.0.0 || ^4.0.0":
    version "4.0.0"
    resolved "https://registry.yarnpkg.com/js-tokens/-/js-tokens-4.0.0.tgz#19203fb59991df98e3a287050d4647cdeaf32499"
    integrity sha512-RdJUflcE3cUzKiMqQgsCu06FPu9UdIJO0beYbPhHN4k6apgJtifcoCtT9bcxOpYBtpD2kCM6Sbzg4CausW/PKQ==
  
  loose-envify@^1.1.0:
    version "1.4.0"
    resolved "https://registry.yarnpkg.com/loose-envify/-/loose-envify-1.4.0.tgz#71ee51fa7be4caec1a63839f7e682d8132d30caf"
    integrity sha512-lyuxPGr/Wfhrlem2CL/UcnUc1zcqKAImBDzukY7Y5F/yQiNdko6+fRLevlw1HgMySw7f611UIY408EtxRSoK3Q==
    dependencies:
      js-tokens "^3.0.0 || ^4.0.0"
  
  react-dom@^18.2.0:
    version "18.2.0"
    resolved "https://registry.yarnpkg.com/react-dom/-/react-dom-18.2.0.tgz#22aaf38708db2674ed9ada224ca4aa708d821e3d"
    integrity sha512-6IMTriUmvsjHUjNtEDudZfuDQUoWXVxKHhlEGSk81n4YFS+r/Kl99wXiwlVXtPBtJenozv2P+hxDsw9eA7Xo6g==
    dependencies:
      loose-envify "^1.1.0"
      scheduler "^0.23.0"
  
  react@^18.2.0:
    version "18.2.0"
    resolved "https://registry.yarnpkg.com/react/-/react-18.2.0.tgz#555bd98592883255fa00de14f1151a917b5d77d5"
    integrity sha512-/3IjMdb2L9QbBdWiW5e3P2/npwMBaU9mHCSCUzNln0ZCYbcfTsGbTJrU/kGemdH2IWmB2ioZ+zkxtmq6g09fGQ==
    dependencies:
      loose-envify "^1.1.0"
  
  scheduler@^0.23.0:
    version "0.23.0"
    resolved "https://registry.yarnpkg.com/scheduler/-/scheduler-0.23.0.tgz#ba8041afc3d30eb206a487b6b384002e4e61fdfe"
    integrity sha512-CtuThmgHNg7zIZWAXi3AsyIzA3n4xx7aNyjwC2VJldO2LMVDhFK+63xGqq6CsJH4rTAt6/M+N4GhZiDYPx9eUw==
    dependencies:
      loose-envify "^1.1.0"
  
  typescript@^4.9.5:
    version "4.9.5"
    resolved "https://registry.yarnpkg.com/typescript/-/typescript-4.9.5.tgz#095979f9bcc0d09da324d58d03ce8f8374cbe65a"
    integrity sha512-1FXk9E2Hm+QzZQ7z+McJiHL4NW1F2EzMu9Nq9i3zAaGqibafqYwCVU6WyWAuyQRRzOlxou8xZSyXLEN8oKj24g==
